Determining if the pthread_create exist failed with the following output:
Change Dir: /home/chongda517/04-imu-calib/src/imu_tk/build/CMakeFiles/CMakeTmp

Run Build Command:"/usr/bin/make" "cmTC_3ea6c/fast"
/usr/bin/make -f CMakeFiles/cmTC_3ea6c.dir/build.make CMakeFiles/cmTC_3ea6c.dir/build
make[1]: Entering directory '/home/chongda517/04-imu-calib/src/imu_tk/build/CMakeFiles/CMakeTmp'
Building C object CMakeFiles/cmTC_3ea6c.dir/CheckSymbolExists.c.o
/usr/bin/cc     -o CMakeFiles/cmTC_3ea6c.dir/CheckSymbolExists.c.o   -c /home/chongda517/04-imu-calib/src/imu_tk/build/CMakeFiles/CMakeTmp/CheckSymbolExists.c
Linking C executable cmTC_3ea6c
/usr/bin/cmake -E cmake_link_script CMakeFiles/cmTC_3ea6c.dir/link.txt --verbose=1
/usr/bin/cc       CMakeFiles/cmTC_3ea6c.dir/CheckSymbolExists.c.o  -o cmTC_3ea6c -rdynamic 
CMakeFiles/cmTC_3ea6c.dir/CheckSymbolExists.c.o：在函数‘main’中：
CheckSymbolExists.c:(.text+0x16)：对‘pthread_create’未定义的引用
collect2: error: ld returned 1 exit status
CMakeFiles/cmTC_3ea6c.dir/build.make:97: recipe for target 'cmTC_3ea6c' failed
make[1]: *** [cmTC_3ea6c] Error 1
make[1]: Leaving directory '/home/chongda517/04-imu-calib/src/imu_tk/build/CMakeFiles/CMakeTmp'
Makefile:126: recipe for target 'cmTC_3ea6c/fast' failed
make: *** [cmTC_3ea6c/fast] Error 2

File /home/chongda517/04-imu-calib/src/imu_tk/build/CMakeFiles/CMakeTmp/CheckSymbolExists.c:
/* */
#include <pthread.h>

int main(int argc, char** argv)
{
  (void)argv;
#ifndef pthread_create
  return ((int*)(&pthread_create))[argc];
#else
  (void)argc;
  return 0;
#endif
}

Determining if the function pthread_create exists in the pthreads failed with the following output:
Change Dir: /home/chongda517/04-imu-calib/src/imu_tk/build/CMakeFiles/CMakeTmp

Run Build Command:"/usr/bin/make" "cmTC_e5523/fast"
/usr/bin/make -f CMakeFiles/cmTC_e5523.dir/build.make CMakeFiles/cmTC_e5523.dir/build
make[1]: Entering directory '/home/chongda517/04-imu-calib/src/imu_tk/build/CMakeFiles/CMakeTmp'
Building C object CMakeFiles/cmTC_e5523.dir/CheckFunctionExists.c.o
/usr/bin/cc    -DCHECK_FUNCTION_EXISTS=pthread_create   -o CMakeFiles/cmTC_e5523.dir/CheckFunctionExists.c.o   -c /usr/share/cmake-3.5/Modules/CheckFunctionExists.c
Linking C executable cmTC_e5523
/usr/bin/cmake -E cmake_link_script CMakeFiles/cmTC_e5523.dir/link.txt --verbose=1
/usr/bin/cc   -DCHECK_FUNCTION_EXISTS=pthread_create    CMakeFiles/cmTC_e5523.dir/CheckFunctionExists.c.o  -o cmTC_e5523 -rdynamic -lpthreads 
/usr/bin/ld: 找不到 -lpthreads
collect2: error: ld returned 1 exit status
CMakeFiles/cmTC_e5523.dir/build.make:97: recipe for target 'cmTC_e5523' failed
make[1]: *** [cmTC_e5523] Error 1
make[1]: Leaving directory '/home/chongda517/04-imu-calib/src/imu_tk/build/CMakeFiles/CMakeTmp'
Makefile:126: recipe for target 'cmTC_e5523/fast' failed
make: *** [cmTC_e5523/fast] Error 2


Determining if the Q_WS_WIN exist failed with the following output:
Change Dir: /home/chongda517/04-imu-calib/src/imu_tk/build/CMakeFiles/CMakeTmp

Run Build Command:"/usr/bin/make" "cmTC_728c9/fast"
/usr/bin/make -f CMakeFiles/cmTC_728c9.dir/build.make CMakeFiles/cmTC_728c9.dir/build
make[1]: Entering directory '/home/chongda517/04-imu-calib/src/imu_tk/build/CMakeFiles/CMakeTmp'
Building CXX object CMakeFiles/cmTC_728c9.dir/CheckSymbolExists.cxx.o
/usr/bin/c++    -I/usr/include/qt4   -o CMakeFiles/cmTC_728c9.dir/CheckSymbolExists.cxx.o -c /home/chongda517/04-imu-calib/src/imu_tk/build/CMakeFiles/CMakeTmp/CheckSymbolExists.cxx
/home/chongda517/04-imu-calib/src/imu_tk/build/CMakeFiles/CMakeTmp/CheckSymbolExists.cxx: In function ‘int main(int, char**)’:
/home/chongda517/04-imu-calib/src/imu_tk/build/CMakeFiles/CMakeTmp/CheckSymbolExists.cxx:8:19: error: ‘Q_WS_WIN’ was not declared in this scope
   return ((int*)(&Q_WS_WIN))[argc];
                   ^
CMakeFiles/cmTC_728c9.dir/build.make:65: recipe for target 'CMakeFiles/cmTC_728c9.dir/CheckSymbolExists.cxx.o' failed
make[1]: *** [CMakeFiles/cmTC_728c9.dir/CheckSymbolExists.cxx.o] Error 1
make[1]: Leaving directory '/home/chongda517/04-imu-calib/src/imu_tk/build/CMakeFiles/CMakeTmp'
Makefile:126: recipe for target 'cmTC_728c9/fast' failed
make: *** [cmTC_728c9/fast] Error 2

File /home/chongda517/04-imu-calib/src/imu_tk/build/CMakeFiles/CMakeTmp/CheckSymbolExists.cxx:
/* */
#include <QtCore/qglobal.h>

int main(int argc, char** argv)
{
  (void)argv;
#ifndef Q_WS_WIN
  return ((int*)(&Q_WS_WIN))[argc];
#else
  (void)argc;
  return 0;
#endif
}

Determining if the Q_WS_QWS exist failed with the following output:
Change Dir: /home/chongda517/04-imu-calib/src/imu_tk/build/CMakeFiles/CMakeTmp

Run Build Command:"/usr/bin/make" "cmTC_b2915/fast"
/usr/bin/make -f CMakeFiles/cmTC_b2915.dir/build.make CMakeFiles/cmTC_b2915.dir/build
make[1]: Entering directory '/home/chongda517/04-imu-calib/src/imu_tk/build/CMakeFiles/CMakeTmp'
Building CXX object CMakeFiles/cmTC_b2915.dir/CheckSymbolExists.cxx.o
/usr/bin/c++    -I/usr/include/qt4   -o CMakeFiles/cmTC_b2915.dir/CheckSymbolExists.cxx.o -c /home/chongda517/04-imu-calib/src/imu_tk/build/CMakeFiles/CMakeTmp/CheckSymbolExists.cxx
/home/chongda517/04-imu-calib/src/imu_tk/build/CMakeFiles/CMakeTmp/CheckSymbolExists.cxx: In function ‘int main(int, char**)’:
/home/chongda517/04-imu-calib/src/imu_tk/build/CMakeFiles/CMakeTmp/CheckSymbolExists.cxx:8:19: error: ‘Q_WS_QWS’ was not declared in this scope
   return ((int*)(&Q_WS_QWS))[argc];
                   ^
CMakeFiles/cmTC_b2915.dir/build.make:65: recipe for target 'CMakeFiles/cmTC_b2915.dir/CheckSymbolExists.cxx.o' failed
make[1]: *** [CMakeFiles/cmTC_b2915.dir/CheckSymbolExists.cxx.o] Error 1
make[1]: Leaving directory '/home/chongda517/04-imu-calib/src/imu_tk/build/CMakeFiles/CMakeTmp'
Makefile:126: recipe for target 'cmTC_b2915/fast' failed
make: *** [cmTC_b2915/fast] Error 2

File /home/chongda517/04-imu-calib/src/imu_tk/build/CMakeFiles/CMakeTmp/CheckSymbolExists.cxx:
/* */
#include <QtCore/qglobal.h>

int main(int argc, char** argv)
{
  (void)argv;
#ifndef Q_WS_QWS
  return ((int*)(&Q_WS_QWS))[argc];
#else
  (void)argc;
  return 0;
#endif
}

Determining if the Q_WS_MAC exist failed with the following output:
Change Dir: /home/chongda517/04-imu-calib/src/imu_tk/build/CMakeFiles/CMakeTmp

Run Build Command:"/usr/bin/make" "cmTC_d87a9/fast"
/usr/bin/make -f CMakeFiles/cmTC_d87a9.dir/build.make CMakeFiles/cmTC_d87a9.dir/build
make[1]: Entering directory '/home/chongda517/04-imu-calib/src/imu_tk/build/CMakeFiles/CMakeTmp'
Building CXX object CMakeFiles/cmTC_d87a9.dir/CheckSymbolExists.cxx.o
/usr/bin/c++    -I/usr/include/qt4   -o CMakeFiles/cmTC_d87a9.dir/CheckSymbolExists.cxx.o -c /home/chongda517/04-imu-calib/src/imu_tk/build/CMakeFiles/CMakeTmp/CheckSymbolExists.cxx
/home/chongda517/04-imu-calib/src/imu_tk/build/CMakeFiles/CMakeTmp/CheckSymbolExists.cxx: In function ‘int main(int, char**)’:
/home/chongda517/04-imu-calib/src/imu_tk/build/CMakeFiles/CMakeTmp/CheckSymbolExists.cxx:8:19: error: ‘Q_WS_MAC’ was not declared in this scope
   return ((int*)(&Q_WS_MAC))[argc];
                   ^
CMakeFiles/cmTC_d87a9.dir/build.make:65: recipe for target 'CMakeFiles/cmTC_d87a9.dir/CheckSymbolExists.cxx.o' failed
make[1]: *** [CMakeFiles/cmTC_d87a9.dir/CheckSymbolExists.cxx.o] Error 1
make[1]: Leaving directory '/home/chongda517/04-imu-calib/src/imu_tk/build/CMakeFiles/CMakeTmp'
Makefile:126: recipe for target 'cmTC_d87a9/fast' failed
make: *** [cmTC_d87a9/fast] Error 2

File /home/chongda517/04-imu-calib/src/imu_tk/build/CMakeFiles/CMakeTmp/CheckSymbolExists.cxx:
/* */
#include <QtCore/qglobal.h>

int main(int argc, char** argv)
{
  (void)argv;
#ifndef Q_WS_MAC
  return ((int*)(&Q_WS_MAC))[argc];
#else
  (void)argc;
  return 0;
#endif
}

